<?xml version="1.0" encoding="UTF-8"?>
<testng-results ignored="0" total="1" passed="1" failed="0" skipped="0">
  <reporter-output>
  </reporter-output>
  <suite started-at="2023-06-23T01:29:41 IST" name="Suite" finished-at="2023-06-23T01:29:53 IST" duration-ms="11387">
    <groups>
    </groups>
    <test started-at="2023-06-23T01:29:41 IST" name="Test" finished-at="2023-06-23T01:29:53 IST" duration-ms="11387">
      <class name="com.example.JavaSelenium.App">
        <test-method signature="Test()[pri:0, instance:com.example.JavaSelenium.App@6aeb35e6]" started-at="2023-06-23T01:29:41 IST" name="Test" finished-at="2023-06-23T01:29:53 IST" duration-ms="11340" status="PASS">
          <reporter-output>
          </reporter-output>
        </test-method> <!-- Test -->
      </class> <!-- com.example.JavaSelenium.App -->
    </test> <!-- Test -->
  </suite> <!-- Suite -->
</testng-results>
